*******************   MpiGcore   *******************
   Host name : SCA-221-Desktop 
   Run time  : Apr 20 2018 (17:38:47) 
   MPI rank  : 3 
****************************************************
   
E::1000038::Planetary Ephemeris::Read Planetary Ephemeris from file "/home/nvoss/tools/gipsyx/goa-var/eph/de421.bin"::
E::1000027::Earth Orientation::Read Earth Orientation data from file "GNSSinitValues/GNSS.eo"
E::1000027::Earth Orientation::Read Earth Orientation data from file "GNSSinitValues/GNSS.eo"
E::1000011::Reader Event::Connected TimeDepParmsSourcerer to file "GNSSinitValues/GNSS.tdp"
E::1000011::Reader Event::Reading ant cal file allStations.xyz
E::1000011::Reader Event::Read file: "/home/nvoss/tools/gipsyx/goa-var/etc/yawBiasTable.pcm"
E::1000011::Reader Event::Read file: "/home/nvoss/tools/gipsyx/goa-var/etc/nominalYawRates.pcm"
E::1000011::Reader Event::Reading ant cal file /home/nvoss/tools/gipsyx/goa-var/etc/antenna_cals_xmit/igs08_1884.xyz
E::0::WlpbPoolReader::Read 6963 from file : GNSSinitValues/GNSS.wlpb Excluded entries : 0
E::1000011::Reader Event::Read ConstellationInfo file /home/nvoss/tools/gipsyx/goa-var/etc/ConstellationInfo
E::0::Ionex::IONEX File /home/nvoss/goa-var/cddis.gsfc.nasa.gov/gps/products/ionex/2017/045/jplg0450.17i loaded
E::0::Input Event::Read Input from file "Trees/Nick_0.tree"
E::1000042::Shadow Crossing::GPS62 Earth Clear To Earth Penumbra 540292089.1113281 (2017-02-13 21:08:09.111328)
E::1000042::Shadow Crossing::GPS62 Earth Penumbra To Earth Umbra 540292164.6972656 (2017-02-13 21:09:24.697266)
E::1000042::Shadow Crossing::GPS62 Earth Umbra To Earth Penumbra 540294989.1739190 (2017-02-13 21:56:29.173919)
E::1000042::Shadow Crossing::GPS62 Earth Penumbra To Earth Clear 540295064.5277722 (2017-02-13 21:57:44.527772)
E::1000042::Shadow Crossing::GPS71 Earth Clear To Earth Penumbra 540300979.7973633 (2017-02-13 23:36:19.797363)
E::1000042::Shadow Crossing::GPS71 Earth Penumbra To Earth Umbra 540301051.6479492 (2017-02-13 23:37:31.647949)
E::1000022::Model Warning::Exception somewhere in model(), caught in ModelInterface() for signal path {BON2(1)-GPS44(1)} at time 540302400 (2017-02-14 00:00:00.000000). OutputMsgEvery: 86400 seconds.
E::1000022::Model Warning::Exception somewhere in model(), caught in ModelInterface() for signal path {BON2(1)-GPS46(1)} at time 540302400 (2017-02-14 00:00:00.000000). OutputMsgEvery: 86400 seconds.
E::1000022::Model Warning::Exception somewhere in model(), caught in ModelInterface() for signal path {BON2(1)-GPS48(1)} at time 540302400 (2017-02-14 00:00:00.000000). OutputMsgEvery: 86400 seconds.
E::1000022::Model Warning::Exception somewhere in model(), caught in ModelInterface() for signal path {BON2(1)-GPS60(1)} at time 540302400 (2017-02-14 00:00:00.000000). OutputMsgEvery: 86400 seconds.
E::1000022::Model Warning::Exception somewhere in model(), caught in ModelInterface() for signal path {BON2(1)-GPS63(1)} at time 540302400 (2017-02-14 00:00:00.000000). OutputMsgEvery: 86400 seconds.
E::1000022::Model Warning::Exception somewhere in model(), caught in ModelInterface() for signal path {BON2(1)-GPS66(1)} at time 540302400 (2017-02-14 00:00:00.000000). OutputMsgEvery: 86400 seconds.
E::1000022::Model Warning::Exception somewhere in model(), caught in ModelInterface() for signal path {BON2(1)-GPS68(1)} at time 540302400 (2017-02-14 00:00:00.000000). OutputMsgEvery: 86400 seconds.
E::1000022::Model Warning::Exception somewhere in model(), caught in ModelInterface() for signal path {BON2(1)-GPS72(1)} at time 540302400 (2017-02-14 00:00:00.000000). OutputMsgEvery: 86400 seconds.
E::1000042::Shadow Crossing::GPS56 Earth Clear To Earth Penumbra 540304266.3024902 (2017-02-14 00:31:06.302490)
E::1000042::Shadow Crossing::GPS56 Earth Penumbra To Earth Umbra 540304366.2780762 (2017-02-14 00:32:46.278076)
E::1000042::Shadow Crossing::GPS56 Earth Umbra To Earth Penumbra 540306497.6108127 (2017-02-14 01:08:17.610813)
E::1000042::Shadow Crossing::GPS56 Earth Penumbra To Earth Clear 540306597.0292349 (2017-02-14 01:09:57.029235)
E::1000042::Shadow Crossing::GPS71 Earth Umbra To Earth Penumbra 540304005.3222656 (2017-02-14 00:26:45.322266)
E::1000042::Shadow Crossing::GPS71 Earth Penumbra To Earth Clear 540304077.1857262 (2017-02-14 00:27:57.185726)
E::1000042::Shadow Crossing::GPS44 Earth Clear To Earth Penumbra 540318952.8808594 (2017-02-14 04:35:52.880859)
E::1000042::Shadow Crossing::GPS44 Earth Penumbra To Earth Umbra 540319054.8339844 (2017-02-14 04:37:34.833984)
E::1000042::Shadow Crossing::GPS44 Earth Umbra To Earth Penumbra 540321161.5722656 (2017-02-14 05:12:41.572266)
E::1000042::Shadow Crossing::GPS44 Earth Penumbra To Earth Clear 540321261.8782997 (2017-02-14 05:14:21.878300)
E::1000042::Shadow Crossing::GPS58 Earth Clear To Earth Penumbra 540331197.8027344 (2017-02-14 07:59:57.802734)
E::1000042::Shadow Crossing::GPS58 Earth Penumbra To Earth Umbra 540331285.6933594 (2017-02-14 08:01:25.693359)
E::1000042::Shadow Crossing::GPS58 Earth Umbra To Earth Penumbra 540333679.8339844 (2017-02-14 08:41:19.833984)
E::1000042::Shadow Crossing::GPS58 Earth Penumbra To Earth Clear 540333767.9863930 (2017-02-14 08:42:47.986393)
E::1000042::Shadow Crossing::GPS62 Earth Clear To Earth Penumbra 540335199.4628906 (2017-02-14 09:06:39.462891)
E::1000042::Shadow Crossing::GPS62 Earth Penumbra To Earth Umbra 540335274.1699219 (2017-02-14 09:07:54.169922)
E::1000042::Shadow Crossing::GPS62 Earth Umbra To Earth Penumbra 540338137.6464844 (2017-02-14 09:55:37.646484)
E::1000042::Shadow Crossing::GPS62 Earth Penumbra To Earth Clear 540338212.2020245 (2017-02-14 09:56:52.202024)
E::1000042::Shadow Crossing::GPS71 Earth Clear To Earth Penumbra 540344093.9941406 (2017-02-14 11:34:53.994141)
E::1000042::Shadow Crossing::GPS71 Earth Penumbra To Earth Umbra 540344165.1855469 (2017-02-14 11:36:05.185547)
E::1000042::Shadow Crossing::GPS56 Earth Clear To Earth Penumbra 540347360.8886719 (2017-02-14 12:29:20.888672)
E::1000042::Shadow Crossing::GPS71 Earth Umbra To Earth Penumbra 540347150.8300781 (2017-02-14 12:25:50.830078)
E::1000042::Shadow Crossing::GPS71 Earth Penumbra To Earth Clear 540347222.3690987 (2017-02-14 12:27:02.369099)
E::1000042::Shadow Crossing::GPS56 Earth Penumbra To Earth Umbra 540347457.5683594 (2017-02-14 12:30:57.568359)
E::1000042::Shadow Crossing::GPS56 Earth Umbra To Earth Penumbra 540349668.0175781 (2017-02-14 13:07:48.017578)
E::1000042::Shadow Crossing::GPS56 Earth Penumbra To Earth Clear 540349763.7793064 (2017-02-14 13:09:23.779306)
E::1000042::Shadow Crossing::GPS44 Earth Clear To Earth Penumbra 540362046.5332031 (2017-02-14 16:34:06.533203)
E::1000042::Shadow Crossing::GPS44 Earth Penumbra To Earth Umbra 540362144.0917969 (2017-02-14 16:35:44.091797)
E::1000042::Shadow Crossing::GPS44 Earth Umbra To Earth Penumbra 540364332.5683594 (2017-02-14 17:12:12.568359)
E::1000042::Shadow Crossing::GPS44 Earth Penumbra To Earth Clear 540364429.6917915 (2017-02-14 17:13:49.691792)
E::1000042::Shadow Crossing::GPS58 Earth Clear To Earth Penumbra 540374296.7285156 (2017-02-14 19:58:16.728516)
E::1000042::Shadow Crossing::GPS58 Earth Penumbra To Earth Umbra 540374382.8613281 (2017-02-14 19:59:42.861328)
E::1000042::Shadow Crossing::GPS58 Earth Umbra To Earth Penumbra 540376839.4042969 (2017-02-14 20:40:39.404297)
E::1000042::Shadow Crossing::GPS58 Earth Penumbra To Earth Clear 540376925.6757259 (2017-02-14 20:42:05.675726)
E::1000042::Shadow Crossing::GPS62 Earth Clear To Earth Penumbra 540378310.6933594 (2017-02-14 21:05:10.693359)
E::1000042::Shadow Crossing::GPS62 Earth Penumbra To Earth Umbra 540378383.6425781 (2017-02-14 21:06:23.642578)
E::1000042::Shadow Crossing::GPS62 Earth Umbra To Earth Penumbra 540381285.7910156 (2017-02-14 21:54:45.791016)
E::1000042::Shadow Crossing::GPS62 Earth Penumbra To Earth Clear 540381359.1269016 (2017-02-14 21:55:59.126902)
E::1000042::Shadow Crossing::GPS71 Earth Clear To Earth Penumbra 540387209.6191406 (2017-02-14 23:33:29.619141)
E::1000042::Shadow Crossing::GPS71 Earth Penumbra To Earth Umbra 540387279.9316406 (2017-02-14 23:34:39.931641)
E::1000042::Shadow Crossing::GPS56 Earth Clear To Earth Penumbra 540390457.1777344 (2017-02-15 00:27:37.177734)
E::1000042::Shadow Crossing::GPS56 Earth Penumbra To Earth Umbra 540390550.3417969 (2017-02-15 00:29:10.341797)
E::1000042::Shadow Crossing::GPS71 Earth Umbra To Earth Penumbra 540390295.4589844 (2017-02-15 00:24:55.458984)
E::1000042::Shadow Crossing::GPS71 Earth Penumbra To Earth Clear 540390365.9435749 (2017-02-15 00:26:05.943575)
E::1000042::Shadow Crossing::GPS56 Earth Umbra To Earth Penumbra 540392835.4980469 (2017-02-15 01:07:15.498047)
E::1000042::Shadow Crossing::GPS56 Earth Penumbra To Earth Clear 540392929.3963909 (2017-02-15 01:08:49.396391)
